<?xml version="1.0" encoding="UTF-8"?>
<!-- Generated by org.testng.reporters.JUnitReportReporter -->
<testsuite hostname="inellipse" failures="0" tests="1" name="ui.streams" time="0.004" errors="0" timestamp="2024-03-17T11:01:31 CET" skipped="0">
  <testcase classname="ui.streams" name="streamMap" time="0.004"/>
</testsuite> <!-- ui.streams -->
