<?xml version="1.0" encoding="UTF-8"?>
<!-- Generated by org.testng.reporters.JUnitReportReporter -->
<testsuite hostname="inellipse" failures="0" tests="1" name="SumValidations" time="0.649" errors="0" timestamp="2024-03-20T20:41:35 CET" skipped="0">
  <testcase classname="SumValidations" name="sumOfCourses" time="0.649"/>
</testsuite> <!-- SumValidations -->
