<?xml version="1.0" encoding="UTF-8"?>
<!-- Generated by org.testng.reporters.JUnitReportReporter -->
<testsuite hostname="inellipse" failures="0" tests="3" name="DynamicJson" time="2.605" errors="0" timestamp="2024-04-02T20:06:41 CEST" skipped="0">
  <testcase classname="DynamicJson" name="addBook" time="0.508"/>
  <testcase classname="DynamicJson" name="addBook" time="1.595"/>
  <testcase classname="DynamicJson" name="addBook" time="0.502"/>
</testsuite> <!-- DynamicJson -->
